<?xml version="1.0" encoding="UTF-8"?>
<!-- Generated by org.testng.reporters.JUnitXMLReporter -->
<testsuite ignored="0" hostname="Kishor" failures="0" tests="1" name="Chrometest" time="0.279" errors="0" timestamp="01 Mar 2022 19:44:21 GMT">
  <testcase classname="test.ActiTime123" name="@BeforeMethod beforemethod" time="0.0">
    <failure type="java.lang.NullPointerException" message="Cannot invoke &amp;quot;org.openqa.selenium.WebDriver.get(String)&amp;quot; because &amp;quot;this.driver&amp;quot; is null">
      <![CDATA[java.lang.NullPointerException: Cannot invoke "org.openqa.selenium.WebDriver.get(String)" because "this.driver" is null
at test.ActiTime123.beforemethod(ActiTime123.java:45)
... Removed 28 stack frames]]>
    </failure>
  </testcase> <!-- @BeforeMethod beforemethod -->
  <testcase classname="test.ActiTime123" name="@AfterClass clearPOMObject" time="0.0">
    <skipped/>
  </testcase> <!-- @AfterClass clearPOMObject -->
  <testcase classname="test.ActiTime123" name="@AfterTest closeBrowser" time="0.0">
    <skipped/>
  </testcase> <!-- @AfterTest closeBrowser -->
  <testcase classname="test.ActiTime123" name="ApplicationHeaderpage" time="0.0">
    <skipped/>
  </testcase> <!-- ApplicationHeaderpage -->
</testsuite> <!-- Chrometest -->
