<?xml version="1.0" encoding="UTF-8"?>
<!-- Generated by org.testng.reporters.JUnitXMLReporter -->
<testsuite ignored="0" hostname="Kishor" failures="0" tests="8" name="test" time="186.702" errors="0" timestamp="01 Mar 2022 15:55:55 GMT">
  <testcase classname="test.Acti_TestNG_New" name="application" time="48.834"/>
  <testcase classname="test.Acti_TestNG_New" name="report" time="5.245"/>
  <testcase classname="test.Acti_TestNG_New" name="task" time="5.238"/>
  <testcase classname="test.Acti_TestNG_New" name="user" time="3.862"/>
  <testcase classname="test.TestNG_ActiTime" name="application" time="35.315"/>
  <testcase classname="test.TestNG_ActiTime" name="report" time="5.302"/>
  <testcase classname="test.TestNG_ActiTime" name="task" time="6.713"/>
  <testcase classname="test.TestNG_ActiTime" name="user" time="3.44"/>
</testsuite> <!-- test -->
