<?xml version="1.0" encoding="UTF-8"?>
<!-- Generated by org.testng.reporters.JUnitXMLReporter -->
<testsuite ignored="2" hostname="Kishor" failures="0" tests="1" name="Default test" time="52.165" errors="0" timestamp="2022-03-07T22:23:56 IST">
  <testcase classname="test_amazon.Amazon_TestNG" name="accountdemo" time="17.952"/>
  <testcase classname="test_amazon.Amazon_TestNG" name="mobiledemo" time="0.0">
    <ignored/>
  </testcase> <!-- mobiledemo -->
  <testcase classname="test_amazon.Amazon_TestNG" name="testamazon" time="0.0">
    <ignored/>
  </testcase> <!-- testamazon -->
</testsuite> <!-- Default test -->
