<?xml version="1.0" encoding="UTF-8"?>
<!-- Generated by org.testng.reporters.JUnitXMLReporter -->
<testsuite ignored="0" hostname="Kishor" failures="0" tests="4" name="Test123" time="0.359" errors="0" timestamp="11 Mar 2022 16:53:43 GMT">
  <testcase classname="test.ActiTime123" name="@BeforeClass beforeClass" time="0.019">
    <failure type="java.lang.NullPointerException" message="Cannot invoke &amp;quot;org.openqa.selenium.WebDriver.manage()&amp;quot; because &amp;quot;this.driver&amp;quot; is null">
      <![CDATA[java.lang.NullPointerException: Cannot invoke "org.openqa.selenium.WebDriver.manage()" because "this.driver" is null
at pom.LoginPage.mainlogin(LoginPage.java:31)
at test.ActiTime123.beforeClass(ActiTime123.java:64)
... Removed 26 stack frames]]>
    </failure>
  </testcase> <!-- @BeforeClass beforeClass -->
  <testcase classname="test.ActiTime123" name="@BeforeMethod beforeMethod" time="0.0">
    <skipped/>
  </testcase> <!-- @BeforeMethod beforeMethod -->
  <testcase classname="test.ActiTime123" name="@AfterMethod utilityclassmethod" time="0.0">
    <skipped/>
  </testcase> <!-- @AfterMethod utilityclassmethod -->
  <testcase classname="test.ActiTime123" name="@BeforeMethod beforeMethod" time="0.0">
    <skipped/>
  </testcase> <!-- @BeforeMethod beforeMethod -->
  <testcase classname="test.ActiTime123" name="@AfterMethod utilityclassmethod" time="0.0">
    <skipped/>
  </testcase> <!-- @AfterMethod utilityclassmethod -->
  <testcase classname="test.ActiTime123" name="@BeforeMethod beforeMethod" time="0.0">
    <skipped/>
  </testcase> <!-- @BeforeMethod beforeMethod -->
  <testcase classname="test.ActiTime123" name="@AfterMethod utilityclassmethod" time="0.0">
    <skipped/>
  </testcase> <!-- @AfterMethod utilityclassmethod -->
  <testcase classname="test.ActiTime123" name="@BeforeMethod beforeMethod" time="0.0">
    <skipped/>
  </testcase> <!-- @BeforeMethod beforeMethod -->
  <testcase classname="test.ActiTime123" name="@AfterMethod utilityclassmethod" time="0.0">
    <skipped/>
  </testcase> <!-- @AfterMethod utilityclassmethod -->
  <testcase classname="test.ActiTime123" name="@AfterTest closeBrowser" time="0.0">
    <skipped/>
  </testcase> <!-- @AfterTest closeBrowser -->
  <testcase classname="test.ActiTime123" name="applicationHeaderpage" time="0.0">
    <skipped/>
  </testcase> <!-- applicationHeaderpage -->
  <testcase classname="test.ActiTime123" name="task" time="0.0">
    <skipped/>
  </testcase> <!-- task -->
  <testcase classname="test.ActiTime123" name="user" time="0.0">
    <skipped/>
  </testcase> <!-- user -->
  <testcase classname="test.ActiTime123" name="report" time="0.0">
    <skipped/>
  </testcase> <!-- report -->
</testsuite> <!-- Test123 -->
