<?xml version="1.0" encoding="UTF-8"?>
<!-- Generated by org.testng.reporters.JUnitXMLReporter -->
<testsuite ignored="0" hostname="Kishor" failures="0" tests="4" name="Firefoxtest" time="0.16" errors="0" timestamp="03 Mar 2022 19:20:53 GMT">
  <testcase classname="test.ActiTime123" name="@BeforeTest launchBrowser" time="0.087">
    <failure type="java.lang.IllegalStateException" message="The path to the driver executable must be set by the webdriver.gecko.driver system property; for more information, see https://github.com/mozilla/geckodriver. The latest version can be downloaded from https://github.com/mozilla/geckodriver/releases">
      <![CDATA[java.lang.IllegalStateException: The path to the driver executable must be set by the webdriver.gecko.driver system property; for more information, see https://github.com/mozilla/geckodriver. The latest version can be downloaded from https://github.com/mozilla/geckodriver/releases
at com.google.common.base.Preconditions.checkState(Preconditions.java:847)
at org.openqa.selenium.remote.service.DriverService.findExecutable(DriverService.java:134)
at org.openqa.selenium.firefox.GeckoDriverService.access$100(GeckoDriverService.java:44)
at org.openqa.selenium.firefox.GeckoDriverService$Builder.findDefaultExecutable(GeckoDriverService.java:167)
at org.openqa.selenium.remote.service.DriverService$Builder.build(DriverService.java:355)
at org.openqa.selenium.firefox.FirefoxDriver.toExecutor(FirefoxDriver.java:190)
at org.openqa.selenium.firefox.FirefoxDriver.<init>(FirefoxDriver.java:147)
at org.openqa.selenium.firefox.FirefoxDriver.<init>(FirefoxDriver.java:125)
at base.BaseClass.firefox(BaseClass.java:18)
at test.ActiTime123.launchBrowser(ActiTime123.java:46)
... Removed 24 stack frames]]>
    </failure>
  </testcase> <!-- @BeforeTest launchBrowser -->
  <testcase classname="test.ActiTime123" name="@BeforeClass beforeClass" time="0.0">
    <skipped/>
  </testcase> <!-- @BeforeClass beforeClass -->
  <testcase classname="test.ActiTime123" name="@BeforeMethod beforeMethod" time="0.0">
    <skipped/>
  </testcase> <!-- @BeforeMethod beforeMethod -->
  <testcase classname="test.ActiTime123" name="@AfterMethod utilityclassmethod" time="0.0">
    <skipped/>
  </testcase> <!-- @AfterMethod utilityclassmethod -->
  <testcase classname="test.ActiTime123" name="@BeforeMethod beforeMethod" time="0.0">
    <skipped/>
  </testcase> <!-- @BeforeMethod beforeMethod -->
  <testcase classname="test.ActiTime123" name="@AfterMethod utilityclassmethod" time="0.0">
    <skipped/>
  </testcase> <!-- @AfterMethod utilityclassmethod -->
  <testcase classname="test.ActiTime123" name="@BeforeMethod beforeMethod" time="0.0">
    <skipped/>
  </testcase> <!-- @BeforeMethod beforeMethod -->
  <testcase classname="test.ActiTime123" name="@AfterMethod utilityclassmethod" time="0.0">
    <skipped/>
  </testcase> <!-- @AfterMethod utilityclassmethod -->
  <testcase classname="test.ActiTime123" name="@BeforeMethod beforeMethod" time="0.0">
    <skipped/>
  </testcase> <!-- @BeforeMethod beforeMethod -->
  <testcase classname="test.ActiTime123" name="@AfterMethod utilityclassmethod" time="0.0">
    <skipped/>
  </testcase> <!-- @AfterMethod utilityclassmethod -->
  <testcase classname="test.ActiTime123" name="@AfterTest closeBrowser" time="0.0">
    <skipped/>
  </testcase> <!-- @AfterTest closeBrowser -->
  <testcase classname="test.ActiTime123" name="applicationHeaderpage" time="0.0">
    <skipped/>
  </testcase> <!-- applicationHeaderpage -->
  <testcase classname="test.ActiTime123" name="task" time="0.0">
    <skipped/>
  </testcase> <!-- task -->
  <testcase classname="test.ActiTime123" name="user" time="0.0">
    <skipped/>
  </testcase> <!-- user -->
  <testcase classname="test.ActiTime123" name="report" time="0.0">
    <skipped/>
  </testcase> <!-- report -->
</testsuite> <!-- Firefoxtest -->
