<?xml version="1.0" encoding="UTF-8"?>
<!-- Generated by org.testng.reporters.JUnitXMLReporter -->
<testsuite ignored="0" hostname="Kishor" failures="0" tests="4" name="operatest" time="58.482" errors="0" timestamp="03 Mar 2022 19:20:53 GMT">
  <testcase classname="test.ActiTime123" name="applicationHeaderpage" time="24.205"/>
  <testcase classname="test.ActiTime123" name="task" time="3.003"/>
  <testcase classname="test.ActiTime123" name="user" time="2.721"/>
  <testcase classname="test.ActiTime123" name="report" time="3.701"/>
</testsuite> <!-- operatest -->
