<?xml version="1.0" encoding="UTF-8"?>
<!-- Generated by org.testng.reporters.JUnitXMLReporter -->
<testsuite ignored="0" hostname="Kishor" failures="0" tests="3" name="Test1" time="143.287" errors="0" timestamp="2022-03-04T17:29:48 IST">
  <testcase classname="test_amazon.Amazon_TestNG" name="@BeforeTest launchchromebrowser" time="143.087">
    <failure type="org.openqa.selenium.TimeoutException" message="No connection could be made because the target machine actively refused it. (os error 10061)
Build info: version: &amp;apos;3.141.59&amp;apos;, revision: &amp;apos;e82be7d358&amp;apos;, time: &amp;apos;2018-11-14T08:17:03&amp;apos;
System info: host: &amp;apos;KISHOR&amp;apos;, ip: &amp;apos;192.168.56.137&amp;apos;, os.name: &amp;apos;Windows 10&amp;apos;, os.arch: &amp;apos;amd64&amp;apos;, os.version: &amp;apos;10.0&amp;apos;, java.version: &amp;apos;17&amp;apos;
Driver info: driver.version: FirefoxDriver
remote stacktrace: ">
      <![CDATA[org.openqa.selenium.TimeoutException: No connection could be made because the target machine actively refused it. (os error 10061)
Build info: version: '3.141.59', revision: 'e82be7d358', time: '2018-11-14T08:17:03'
System info: host: 'KISHOR', ip: '192.168.56.137', os.name: 'Windows 10', os.arch: 'amd64', os.version: '10.0', java.version: '17'
Driver info: driver.version: FirefoxDriver
remote stacktrace: 
at org.openqa.selenium.remote.W3CHandshakeResponse.lambda$errorHandler$0(W3CHandshakeResponse.java:62)
at org.openqa.selenium.remote.HandshakeResponse.lambda$getResponseFunction$0(HandshakeResponse.java:30)
at org.openqa.selenium.remote.ProtocolHandshake.lambda$createSession$0(ProtocolHandshake.java:126)
at java.base/java.util.stream.ReferencePipeline$3$1.accept(ReferencePipeline.java:197)
at java.base/java.util.Spliterators$ArraySpliterator.tryAdvance(Spliterators.java:1002)
at java.base/java.util.stream.ReferencePipeline.forEachWithCancel(ReferencePipeline.java:129)
at java.base/java.util.stream.AbstractPipeline.copyIntoWithCancel(AbstractPipeline.java:527)
at java.base/java.util.stream.AbstractPipeline.copyInto(AbstractPipeline.java:513)
at java.base/java.util.stream.AbstractPipeline.wrapAndCopyInto(AbstractPipeline.java:499)
at java.base/java.util.stream.FindOps$FindOp.evaluateSequential(FindOps.java:150)
at java.base/java.util.stream.AbstractPipeline.evaluate(AbstractPipeline.java:234)
at java.base/java.util.stream.ReferencePipeline.findFirst(ReferencePipeline.java:647)
at org.openqa.selenium.remote.ProtocolHandshake.createSession(ProtocolHandshake.java:128)
at org.openqa.selenium.remote.ProtocolHandshake.createSession(ProtocolHandshake.java:74)
at org.openqa.selenium.remote.HttpCommandExecutor.execute(HttpCommandExecutor.java:136)
at org.openqa.selenium.remote.service.DriverCommandExecutor.execute(DriverCommandExecutor.java:83)
at org.openqa.selenium.remote.RemoteWebDriver.execute(RemoteWebDriver.java:552)
at org.openqa.selenium.remote.RemoteWebDriver.startSession(RemoteWebDriver.java:213)
at org.openqa.selenium.remote.RemoteWebDriver.<init>(RemoteWebDriver.java:131)
at org.openqa.selenium.firefox.FirefoxDriver.<init>(FirefoxDriver.java:147)
at org.openqa.selenium.firefox.FirefoxDriver.<init>(FirefoxDriver.java:125)
at basepackage.BaseClassOfAmazon.firefoxBrowser(BaseClassOfAmazon.java:18)
at test_amazon.Amazon_TestNG.launchchromebrowser(Amazon_TestNG.java:38)
... Removed 29 stack frames]]>
    </failure>
  </testcase> <!-- @BeforeTest launchchromebrowser -->
  <testcase classname="test_amazon.Amazon_TestNG" name="@BeforeClass beforeclass" time="-1.646395187828E9">
    <skipped/>
  </testcase> <!-- @BeforeClass beforeclass -->
  <testcase classname="test_amazon.Amazon_TestNG" name="@BeforeMethod startUP" time="-1.646395187861E9">
    <skipped/>
  </testcase> <!-- @BeforeMethod startUP -->
  <testcase classname="test_amazon.Amazon_TestNG" name="@BeforeMethod takescreenshot" time="-1.646395187872E9">
    <skipped/>
  </testcase> <!-- @BeforeMethod takescreenshot -->
  <testcase classname="test_amazon.Amazon_TestNG" name="@BeforeMethod startUP" time="-1.646395187923E9">
    <skipped/>
  </testcase> <!-- @BeforeMethod startUP -->
  <testcase classname="test_amazon.Amazon_TestNG" name="@BeforeMethod takescreenshot" time="-1.646395187934E9">
    <skipped/>
  </testcase> <!-- @BeforeMethod takescreenshot -->
  <testcase classname="test_amazon.Amazon_TestNG" name="@BeforeMethod startUP" time="-1.646395187961E9">
    <skipped/>
  </testcase> <!-- @BeforeMethod startUP -->
  <testcase classname="test_amazon.Amazon_TestNG" name="@BeforeMethod takescreenshot" time="-1.646395187968E9">
    <skipped/>
  </testcase> <!-- @BeforeMethod takescreenshot -->
  <testcase classname="test_amazon.Amazon_TestNG" name="@AfterClass stop" time="-1.646395188004E9">
    <skipped/>
  </testcase> <!-- @AfterClass stop -->
  <testcase classname="test_amazon.Amazon_TestNG" name="mobiledemo" time="0.0">
    <skipped/>
  </testcase> <!-- mobiledemo -->
  <testcase classname="test_amazon.Amazon_TestNG" name="testamazon" time="0.0">
    <skipped/>
  </testcase> <!-- testamazon -->
  <testcase classname="test_amazon.Amazon_TestNG" name="accountdemo" time="0.0">
    <skipped/>
  </testcase> <!-- accountdemo -->
</testsuite> <!-- Test1 -->
